#
# There is insufficient memory for the Java Runtime Environment to continue.
# Native memory allocation (mmap) failed to map 267452416 bytes for committing reserved memory.
# Possible reasons:
#   The system is out of physical RAM or swap space
#   In 32 bit mode, the process size limit was hit
# Possible solutions:
#   Reduce memory load on the system
#   Increase physical memory or swap space
#   Check if swap backing store is full
#   Use 64 bit Java on a 64 bit OS
#   Decrease Java heap size (-Xmx/-Xms)
#   Decrease number of Java threads
#   Decrease Java thread stack sizes (-Xss)
#   Set larger code cache with -XX:ReservedCodeCacheSize=
# This output file may be truncated or incomplete.
#
#  Out of Memory Error (os_linux.cpp:2627), pid=3733, tid=1945303920
#
# JRE version: Java(TM) SE Runtime Environment (8.0_66-b17) (build 1.8.0_66-b17)
# Java VM: Java HotSpot(TM) Client VM (25.66-b17 mixed mode linux-x86 )
# Core dump written. Default location: /vagrant/workspace/Prototipo/src/core or core.3733
#

---------------  T H R E A D  ---------------

Current thread (0x085f8000):  VMThread [stack: 0x73eb0000,0x73f30000] [id=3735]

Stack: [0x73eb0000,0x73f30000],  sp=0x73f2e800,  free space=506k
Native frames: (J=compiled Java code, j=interpreted, Vv=VM code, C=native code)
V  [libjvm.so+0x5b715f]  VMError::report_and_die()+0x16f
V  [libjvm.so+0x20a8b5]  report_vm_out_of_memory(char const*, int, unsigned int, VMErrorType, char const*)+0x55
V  [libjvm.so+0x49b996]  os::Linux::commit_memory_impl(char*, unsigned int, bool)+0xe6
V  [libjvm.so+0x49be68]  os::pd_commit_memory(char*, unsigned int, unsigned int, bool)+0x28
V  [libjvm.so+0x495d8c]  os::commit_memory(char*, unsigned int, unsigned int, bool)+0x2c
V  [libjvm.so+0x5b31fc]  VirtualSpace::expand_by(unsigned int, bool)+0x1ec
V  [libjvm.so+0x29a32b]  OneContigSpaceCardGeneration::grow_by(unsigned int)+0x1b
V  [libjvm.so+0x29a01a]  OneContigSpaceCardGeneration::grow_to_reserved()+0x2a
V  [libjvm.so+0x29a6ca]  OneContigSpaceCardGeneration::expand(unsigned int, unsigned int)+0x2a
V  [libjvm.so+0x29ad05]  CardGeneration::compute_new_size()+0x1d5
V  [libjvm.so+0x28edc9]  GenCollectedHeap::do_collection(bool, bool, unsigned int, bool, int)+0x679
V  [libjvm.so+0x1b75ff]  GenCollectorPolicy::satisfy_failed_allocation(unsigned int, bool)+0x10f
V  [libjvm.so+0x5b8344]  VM_GenCollectForAllocation::doit()+0x74
V  [libjvm.so+0x5c1bb7]  VM_Operation::evaluate()+0x47
V  [libjvm.so+0x5bfc93]  VMThread::evaluate_operation(VM_Operation*)+0xb3
V  [libjvm.so+0x5c0030]  VMThread::loop()+0x1b0
V  [libjvm.so+0x5c0495]  VMThread::run()+0x85
V  [libjvm.so+0x49dfd9]  java_start(Thread*)+0x119
C  [libpthread.so.0+0x5954]  start_thread+0xb4

VM_Operation (0xb6adf734): GenCollectForAllocation, mode: safepoint, requested by thread 0x085a1c00


---------------  P R O C E S S  ---------------

Java Threads: ( => current thread )
  0x08621800 JavaThread "Service Thread" daemon [_thread_blocked, id=3740, stack(0x73cf0000,0x73d40000)]
  0x0861e000 JavaThread "C1 CompilerThread0" daemon [_thread_blocked, id=3739, stack(0x73d40000,0x73dc0000)]
  0x0861c800 JavaThread "Signal Dispatcher" daemon [_thread_blocked, id=3738, stack(0x73dc0000,0x73e10000)]
  0x085fcc00 JavaThread "Finalizer" daemon [_thread_blocked, id=3737, stack(0x73e10000,0x73e60000)]
  0x085fb400 JavaThread "Reference Handler" daemon [_thread_blocked, id=3736, stack(0x73e60000,0x73eb0000)]
  0x085a1c00 JavaThread "main" [_thread_blocked, id=3734, stack(0xb6a91000,0xb6ae1000)]

Other Threads:
=>0x085f8000 VMThread [stack: 0x73eb0000,0x73f30000] [id=3735]
  0x08625c00 WatcherThread [stack: 0x73c70000,0x73cf0000] [id=3741]

VM state:at safepoint (normal execution)

VM Mutex/Monitor currently owned by a thread:  ([mutex/lock_event])
[0x0859f420] Threads_lock - owner thread: 0x085f8000
[0x0859f830] Heap_lock - owner thread: 0x085a1c00

Heap:
 def new generation   total 196480K, used 16840K [0x74800000, 0x81d30000, 0x89d50000)
  eden space 174656K,   9% used [0x74800000, 0x758721d8, 0x7f290000)
  from space 21824K,   0% used [0x807e0000, 0x807e0000, 0x81d30000)
  to   space 21824K,   0% used [0x7f290000, 0x7f290000, 0x807e0000)
 tenured generation   total 437888K, used 437888K [0x89d50000, 0xa48f0000, 0xb4800000)
   the space 437888K, 100% used [0x89d50000, 0xa48f0000, 0xa48f0000, 0xa48f0000)
 Metaspace       used 6420K, capacity 6472K, committed 6552K, reserved 7472K

Card table byte_map: [0x745ff000,0x74800000] byte_map_base: 0x7425b000

Polling page: 0xb7724000

CodeCache: size=32768Kb used=2516Kb max_used=2532Kb free=30251Kb
 bounds [0xb49fb000, 0xb4c7b000, 0xb69fb000]
 total_blobs=1325 nmethods=1174 adapters=81
 compilation: enabled

Compilation events (10 events):
Event: 9.750 Thread 0x0861e000 1199             java.util.HashMap$EntrySet::iterator (12 bytes)
Event: 9.750 Thread 0x0861e000 nmethod 1199 0xb4bbc788 code [0xb4bbc890, 0xb4bbc97c]
Event: 9.750 Thread 0x0861e000 1200             java.util.HashMap$EntryIterator::<init> (11 bytes)
Event: 9.751 Thread 0x0861e000 nmethod 1200 0xb4bbc588 code [0xb4bbc690, 0xb4bbc72c]
Event: 9.752 Thread 0x0861e000 1201             java.util.HashMap::entrySet (27 bytes)
Event: 9.753 Thread 0x0861e000 nmethod 1201 0xb4bbc308 code [0xb4bbc410, 0xb4bbc500]
Event: 9.796 Thread 0x0861e000 1202             com.clarkparsia.pellet.rules.rete.BetaNode::isDirty (5 bytes)
Event: 9.796 Thread 0x0861e000 nmethod 1202 0xb4bbc148 code [0xb4bbc240, 0xb4bbc2c0]
Event: 10.409 Thread 0x0861e000 1203             java.util.ArrayList$Itr::next (66 bytes)
Event: 10.410 Thread 0x0861e000 nmethod 1203 0xb4bbbc48 code [0xb4bbbd80, 0xb4bbbf60]

GC Heap History (10 events):
Event: 7.693 GC heap after
Heap after GC invocations=31 (full 2):
 def new generation   total 110080K, used 12223K [0x74800000, 0x7bf70000, 0x89d50000)
  eden space 97856K,   0% used [0x74800000, 0x74800000, 0x7a790000)
  from space 12224K,  99% used [0x7a790000, 0x7b37fff8, 0x7b380000)
  to   space 12224K,   0% used [0x7b380000, 0x7b380000, 0x7bf70000)
 tenured generation   total 244480K, used 229036K [0x89d50000, 0x98c10000, 0xb4800000)
   the space 244480K,  93% used [0x89d50000, 0x97cfb2e0, 0x97cfb400, 0x98c10000)
 Metaspace       used 6418K, capacity 6472K, committed 6552K, reserved 7472K
}
Event: 7.784 GC heap before
{Heap before GC invocations=31 (full 2):
 def new generation   total 110080K, used 110079K [0x74800000, 0x7bf70000, 0x89d50000)
  eden space 97856K, 100% used [0x74800000, 0x7a790000, 0x7a790000)
  from space 12224K,  99% used [0x7a790000, 0x7b37fff8, 0x7b380000)
  to   space 12224K,   0% used [0x7b380000, 0x7b380000, 0x7bf70000)
 tenured generation   total 244480K, used 229036K [0x89d50000, 0x98c10000, 0xb4800000)
   the space 244480K,  93% used [0x89d50000, 0x97cfb2e0, 0x97cfb400, 0x98c10000)
 Metaspace       used 6418K, capacity 6472K, committed 6552K, reserved 7472K
Event: 7.879 GC heap after
Heap after GC invocations=32 (full 2):
 def new generation   total 110080K, used 12224K [0x74800000, 0x7bf70000, 0x89d50000)
  eden space 97856K,   0% used [0x74800000, 0x74800000, 0x7a790000)
  from space 12224K, 100% used [0x7b380000, 0x7bf70000, 0x7bf70000)
  to   space 12224K,   0% used [0x7a790000, 0x7a790000, 0x7b380000)
 tenured generation   total 244480K, used 244278K [0x89d50000, 0x98c10000, 0xb4800000)
   the space 244480K,  99% used [0x89d50000, 0x98bdd9a0, 0x98bdda00, 0x98c10000)
 Metaspace       used 6418K, capacity 6472K, committed 6552K, reserved 7472K
}
Event: 7.959 GC heap before
{Heap before GC invocations=32 (full 2):
 def new generation   total 110080K, used 110080K [0x74800000, 0x7bf70000, 0x89d50000)
  eden space 97856K, 100% used [0x74800000, 0x7a790000, 0x7a790000)
  from space 12224K, 100% used [0x7b380000, 0x7bf70000, 0x7bf70000)
  to   space 12224K,   0% used [0x7a790000, 0x7a790000, 0x7b380000)
 tenured generation   total 244480K, used 244278K [0x89d50000, 0x98c10000, 0xb4800000)
   the space 244480K,  99% used [0x89d50000, 0x98bdd9a0, 0x98bdda00, 0x98c10000)
 Metaspace       used 6418K, capacity 6472K, committed 6552K, reserved 7472K
Event: 9.089 GC heap after
Heap after GC invocations=33 (full 3):
 def new generation   total 196480K, used 12219K [0x74800000, 0x81d30000, 0x89d50000)
  eden space 174656K,   6% used [0x74800000, 0x753eeed0, 0x7f290000)
  from space 21824K,   0% used [0x7f290000, 0x7f290000, 0x807e0000)
  to   space 21824K,   0% used [0x807e0000, 0x807e0000, 0x81d30000)
 tenured generation   total 436480K, used 261888K [0x89d50000, 0xa4790000, 0xb4800000)
   the space 436480K,  60% used [0x89d50000, 0x99d10000, 0x99d10000, 0xa4790000)
 Metaspace       used 6418K, capacity 6472K, committed 6552K, reserved 7472K
}
Event: 9.248 GC heap before
{Heap before GC invocations=33 (full 3):
 def new generation   total 196480K, used 174656K [0x74800000, 0x81d30000, 0x89d50000)
  eden space 174656K, 100% used [0x74800000, 0x7f290000, 0x7f290000)
  from space 21824K,   0% used [0x7f290000, 0x7f290000, 0x807e0000)
  to   space 21824K,   0% used [0x807e0000, 0x807e0000, 0x81d30000)
 tenured generation   total 436480K, used 261888K [0x89d50000, 0xa4790000, 0xb4800000)
   the space 436480K,  60% used [0x89d50000, 0x99d10000, 0x99d10000, 0xa4790000)
 Metaspace       used 6418K, capacity 6472K, committed 6552K, reserved 7472K
Event: 9.573 GC heap after
Heap after GC invocations=34 (full 3):
 def new generation   total 196480K, used 21823K [0x74800000, 0x81d30000, 0x89d50000)
  eden space 174656K,   0% used [0x74800000, 0x74800000, 0x7f290000)
  from space 21824K,  99% used [0x807e0000, 0x81d2fff8, 0x81d30000)
  to   space 21824K,   0% used [0x7f290000, 0x7f290000, 0x807e0000)
 tenured generation   total 436480K, used 283059K [0x89d50000, 0xa4790000, 0xb4800000)
   the space 436480K,  64% used [0x89d50000, 0x9b1bcc78, 0x9b1bce00, 0xa4790000)
 Metaspace       used 6418K, capacity 6472K, committed 6552K, reserved 7472K
}
Event: 9.945 GC heap before
{Heap before GC invocations=34 (full 3):
 def new generation   total 196480K, used 196479K [0x74800000, 0x81d30000, 0x89d50000)
  eden space 174656K, 100% used [0x74800000, 0x7f290000, 0x7f290000)
  from space 21824K,  99% used [0x807e0000, 0x81d2fff8, 0x81d30000)
  to   space 21824K,   0% used [0x7f290000, 0x7f290000, 0x807e0000)
 tenured generation   total 436480K, used 283059K [0x89d50000, 0xa4790000, 0xb4800000)
   the space 436480K,  64% used [0x89d50000, 0x9b1bcc78, 0x9b1bce00, 0xa4790000)
 Metaspace       used 6419K, capacity 6472K, committed 6552K, reserved 7472K
Event: 10.368 GC heap after
Heap after GC invocations=35 (full 3):
 def new generation   total 196480K, used 21824K [0x74800000, 0x81d30000, 0x89d50000)
  eden space 174656K,   0% used [0x74800000, 0x74800000, 0x7f290000)
  from space 21824K, 100% used [0x7f290000, 0x807e0000, 0x807e0000)
  to   space 21824K,   0% used [0x807e0000, 0x807e0000, 0x81d30000)
 tenured generation   total 436480K, used 355196K [0x89d50000, 0xa4790000, 0xb4800000)
   the space 436480K,  81% used [0x89d50000, 0x9f82f1d0, 0x9f82f200, 0xa4790000)
 Metaspace       used 6419K, capacity 6472K, committed 6552K, reserved 7472K
}
Event: 10.697 GC heap before
{Heap before GC invocations=35 (full 3):
 def new generation   total 196480K, used 196480K [0x74800000, 0x81d30000, 0x89d50000)
  eden space 174656K, 100% used [0x74800000, 0x7f290000, 0x7f290000)
  from space 21824K, 100% used [0x7f290000, 0x807e0000, 0x807e0000)
  to   space 21824K,   0% used [0x807e0000, 0x807e0000, 0x81d30000)
 tenured generation   total 436480K, used 355196K [0x89d50000, 0xa4790000, 0xb4800000)
   the space 436480K,  81% used [0x89d50000, 0x9f82f1d0, 0x9f82f200, 0xa4790000)
 Metaspace       used 6420K, capacity 6472K, committed 6552K, reserved 7472K

Deoptimization events (0 events):
No events

Internal exceptions (10 events):
Event: 3.583 Thread 0x085a1c00 Exception <a 'java/lang/ClassCastException'> (0x762abcd8) thrown at [/HUDSON/workspace/8-2-build-linux-i586/jdk8u66/4988/hotspot/src/share/vm/runtime/sharedRuntime.cpp, line 605]
Event: 3.585 Thread 0x085a1c00 Exception <a 'java/lang/ClassCastException'> (0x763028a0) thrown at [/HUDSON/workspace/8-2-build-linux-i586/jdk8u66/4988/hotspot/src/share/vm/runtime/sharedRuntime.cpp, line 605]
Event: 3.586 Thread 0x085a1c00 Exception <a 'java/lang/ClassCastException'> (0x763289a8) thrown at [/HUDSON/workspace/8-2-build-linux-i586/jdk8u66/4988/hotspot/src/share/vm/runtime/sharedRuntime.cpp, line 605]
Event: 3.586 Thread 0x085a1c00 Exception <a 'java/lang/ClassCastException'> (0x76360d78) thrown at [/HUDSON/workspace/8-2-build-linux-i586/jdk8u66/4988/hotspot/src/share/vm/runtime/sharedRuntime.cpp, line 605]
Event: 3.586 Thread 0x085a1c00 Exception <a 'java/lang/ClassCastException'> (0x76361000) thrown at [/HUDSON/workspace/8-2-build-linux-i586/jdk8u66/4988/hotspot/src/share/vm/runtime/sharedRuntime.cpp, line 605]
Event: 3.587 Thread 0x085a1c00 Exception <a 'java/lang/ClassCastException'> (0x76378b20) thrown at [/HUDSON/workspace/8-2-build-linux-i586/jdk8u66/4988/hotspot/src/share/vm/runtime/sharedRuntime.cpp, line 605]
Event: 3.587 Thread 0x085a1c00 Exception <a 'java/lang/ClassCastException'> (0x7637e650) thrown at [/HUDSON/workspace/8-2-build-linux-i586/jdk8u66/4988/hotspot/src/share/vm/runtime/sharedRuntime.cpp, line 605]
Event: 3.587 Thread 0x085a1c00 Exception <a 'java/lang/ClassCastException'> (0x7638c0d8) thrown at [/HUDSON/workspace/8-2-build-linux-i586/jdk8u66/4988/hotspot/src/share/vm/runtime/sharedRuntime.cpp, line 605]
Event: 3.589 Thread 0x085a1c00 Exception <a 'java/lang/ClassCastException'> (0x763f8bb0) thrown at [/HUDSON/workspace/8-2-build-linux-i586/jdk8u66/4988/hotspot/src/share/vm/runtime/sharedRuntime.cpp, line 605]
Event: 3.590 Thread 0x085a1c00 Exception <a 'java/lang/ClassCastException'> (0x76410a98) thrown at [/HUDSON/workspace/8-2-build-linux-i586/jdk8u66/4988/hotspot/src/share/vm/runtime/sharedRuntime.cpp, line 605]

Events (10 events):
Event: 9.089 Executing VM operation: GenCollectForAllocation done
Event: 9.248 Executing VM operation: GenCollectForAllocation
Event: 9.573 Executing VM operation: GenCollectForAllocation done
Event: 9.945 Executing VM operation: GenCollectForAllocation
Event: 10.368 Executing VM operation: GenCollectForAllocation done
Event: 10.408 loading class java/util/ArrayList$ListItr
Event: 10.408 loading class java/util/ArrayList$ListItr done
Event: 10.408 Executing VM operation: Deoptimize
Event: 10.408 Executing VM operation: Deoptimize done
Event: 10.697 Executing VM operation: GenCollectForAllocation


Dynamic libraries:
08048000-08049000 r-xp 00000000 08:02 97525      /opt/jdk1.8.0_66/bin/java
08049000-0804a000 rw-p 00000000 08:02 97525      /opt/jdk1.8.0_66/bin/java
08597000-0906e000 rw-p 00000000 00:00 0          [heap]
732dc000-732fc000 rw-p 00000000 00:00 0 
732fc000-733dc000 ---p 00000000 00:00 0 
733dc000-734dc000 rw-p 00000000 00:00 0 
734dc000-735dc000 rw-p 00000000 00:00 0 
735dc000-735dd000 r--s 00002000 00:13 137        /vagrant/workspace/Prototipo/src/lib/sesame-rio-trix-2.7.16.jar
735dd000-735de000 r--s 00002000 00:13 136        /vagrant/workspace/Prototipo/src/lib/sesame-rio-trix-2.7.12.jar
735de000-735df000 r--s 00001000 00:13 135        /vagrant/workspace/Prototipo/src/lib/sesame-rio-trig-2.7.16.jar
735df000-735e0000 r--s 00001000 00:13 134        /vagrant/workspace/Prototipo/src/lib/sesame-rio-trig-2.7.12.jar
735e0000-735e2000 r--s 00008000 00:13 133        /vagrant/workspace/Prototipo/src/lib/sesame-rio-rdfxml-2.7.16.jar
735e2000-735e4000 r--s 00008000 00:13 132        /vagrant/workspace/Prototipo/src/lib/sesame-rio-rdfxml-2.7.12.jar
735e4000-735e6000 r--s 00002000 00:13 131        /vagrant/workspace/Prototipo/src/lib/sesame-rio-rdfjson-2.7.16.jar
735e6000-735e8000 r--s 00002000 00:13 130        /vagrant/workspace/Prototipo/src/lib/sesame-rio-rdfjson-2.7.12.jar
735e8000-735e9000 r--s 00003000 00:13 129        /vagrant/workspace/Prototipo/src/lib/sesame-rio-ntriples-2.7.16.jar
735e9000-735ea000 r--s 00003000 00:13 128        /vagrant/workspace/Prototipo/src/lib/sesame-rio-ntriples-2.7.12.jar
735ea000-735eb000 r--s 00001000 00:13 127        /vagrant/workspace/Prototipo/src/lib/sesame-rio-nquads-2.7.16.jar
735eb000-735ec000 r--s 00001000 00:13 126        /vagrant/workspace/Prototipo/src/lib/sesame-rio-nquads-2.7.12.jar
735ec000-735ee000 r--s 00000000 00:13 125        /vagrant/workspace/Prototipo/src/lib/sesame-rio-n3-2.7.16.jar
735ee000-735f0000 r--s 00000000 00:13 124        /vagrant/workspace/Prototipo/src/lib/sesame-rio-n3-2.7.12.jar
735f0000-735f1000 r--s 00000000 00:13 123        /vagrant/workspace/Prototipo/src/lib/sesame-rio-languages-2.7.16.jar
735f1000-735f2000 r--s 00000000 00:13 122        /vagrant/workspace/Prototipo/src/lib/sesame-rio-languages-2.7.12.jar
735f2000-735f4000 r--s 00001000 00:13 121        /vagrant/workspace/Prototipo/src/lib/sesame-rio-datatypes-2.7.16.jar
735f4000-735f6000 r--s 00001000 00:13 120        /vagrant/workspace/Prototipo/src/lib/sesame-rio-datatypes-2.7.12.jar
735f6000-735f7000 r--s 00002000 00:13 119        /vagrant/workspace/Prototipo/src/lib/sesame-rio-binary-2.7.16.jar
735f7000-735f8000 r--s 00002000 00:13 118        /vagrant/workspace/Prototipo/src/lib/sesame-rio-binary-2.7.12.jar
735f8000-735fa000 r--s 0000c000 00:13 117        /vagrant/workspace/Prototipo/src/lib/sesame-rio-api-2.7.16.jar
735fa000-735fd000 r--s 0000b000 00:13 116        /vagrant/workspace/Prototipo/src/lib/sesame-rio-api-2.7.12.jar
735fd000-73600000 r--s 00026000 00:13 115        /vagrant/workspace/Prototipo/src/lib/sesame-model-2.7.16.jar
73600000-73603000 r--s 00026000 00:13 114        /vagrant/workspace/Prototipo/src/lib/sesame-model-2.7.12.jar
73603000-73604000 r--s 00002000 00:13 113        /vagrant/workspace/Prototipo/src/lib/semargl-sesame-0.6.1.jar
73604000-73605000 r--s 00008000 00:13 112        /vagrant/workspace/Prototipo/src/lib/semargl-rdfa-0.6.1.jar
73605000-73607000 r--s 00005000 00:13 111        /vagrant/workspace/Prototipo/src/lib/semargl-rdf-0.6.1.jar
73607000-73609000 r--s 00004000 00:13 110        /vagrant/workspace/Prototipo/src/lib/semargl-core-0.6.1.jar
73609000-73611000 r--s 0008a000 00:13 109        /vagrant/workspace/Prototipo/src/lib/protobuf-java-2.6.0.jar
73611000-736ca000 r--s 004a9000 00:13 108        /vagrant/workspace/Prototipo/src/lib/poi-ooxml-schemas-3.13.jar
736ca000-736d8000 r--s 00109000 00:13 107        /vagrant/workspace/Prototipo/src/lib/poi-ooxml-3.13.jar
736d8000-73702000 r--s 00238000 00:13 106        /vagrant/workspace/Prototipo/src/lib/poi-3.13.jar
73702000-7370b000 r--s 000cc000 00:13 105        /vagrant/workspace/Prototipo/src/lib/pellet.jar
7370b000-73711000 r--s 00076000 00:13 104        /vagrant/workspace/Prototipo/src/lib/pellet-test.jar
73711000-73717000 r--s 0002d000 00:13 103        /vagrant/workspace/Prototipo/src/lib/pellet-rules.jar
73717000-7371e000 r--s 0005c000 00:13 102        /vagrant/workspace/Prototipo/src/lib/pellet-query.jar
7371e000-73721000 r--s 0000f000 00:13 101        /vagrant/workspace/Prototipo/src/lib/pellet-pellint.jar
73721000-73723000 r--s 00018000 00:13 100        /vagrant/workspace/Prototipo/src/lib/pellet-owlapiv3.jar
73723000-73724000 r--s 00010000 00:13 99         /vagrant/workspace/Prototipo/src/lib/pellet-owlapi.jar
73724000-73726000 r--s 0000c000 00:13 98         /vagrant/workspace/Prototipo/src/lib/pellet-modularity.jar
73726000-7372b000 r--s 00029000 00:13 97         /vagrant/workspace/Prototipo/src/lib/pellet-jena.jar
7372b000-7372c000 r--s 00008000 00:13 96         /vagrant/workspace/Prototipo/src/lib/pellet-explanation.jar
7372c000-7372d000 r--s 0000c000 00:13 95         /vagrant/workspace/Prototipo/src/lib/pellet-el.jar
7372d000-7372e000 r--s 00006000 00:13 94         /vagrant/workspace/Prototipo/src/lib/pellet-dig.jar
7372e000-73733000 r--s 0003c000 00:13 93         /vagrant/workspace/Prototipo/src/lib/pellet-datatypes.jar
73733000-7373c000 r--s 00090000 00:13 92         /vagrant/workspace/Prototipo/src/lib/pellet-core.jar
7373c000-7373d000 r--s 00011000 00:13 91         /vagrant/workspace/Prototipo/src/lib/pellet-cli.jar
7373d000-7374c000 r--s 000ca000 00:13 90         /vagrant/workspace/Prototipo/src/lib/owlapi-parsers-5.0.2.jar
7374c000-73788000 r--s 0082f000 00:13 89         /vagrant/workspace/Prototipo/src/lib/owlapi-osgidistribution-4.2.5.jar
73788000-73867000 r--s 00af8000 00:13 88         /vagrant/workspace/Prototipo/src/lib/owlapi-distribution-4.0.0.jar
73867000-73893000 r--s 00206000 00:13 87         /vagrant/workspace/Prototipo/src/lib/org.semanticweb.owl.owlapi-3.4.4.jar
73893000-73894000 r--s 00002000 00:13 85         /vagrant/workspace/Prototipo/src/lib/org.apache.servicemix.bundles.javax-inject-1_2.jar
73894000-73896000 r--s 00003000 00:13 84         /vagrant/workspace/Prototipo/src/lib/org.apache.servicemix.bundles.aopalliance-1.0_6.jar
73896000-73897000 r--s 0002a000 00:13 83         /vagrant/workspace/Prototipo/src/lib/org.apache.commons.io-2.4.jar
73897000-738a7000 r--s 000e8000 00:13 82         /vagrant/workspace/Prototipo/src/lib/mvel2-2.2.8.Final.jar
738a7000-738b3000 r--s 00044000 00:13 81         /vagrant/workspace/Prototipo/src/lib/knowledge-api-6.4.0.Final.jar
738b3000-738b6000 r--s 00017000 00:13 80         /vagrant/workspace/Prototipo/src/lib/kie-spring-6.4.0.Final.jar
738b6000-738c1000 r--s 0003a000 00:13 79         /vagrant/workspace/Prototipo/src/lib/kie-internal-6.4.0.Final.jar
738c1000-738ca000 r--s 0001f000 00:13 78         /vagrant/workspace/Prototipo/src/lib/kie-api-6.4.0.Final.jar
738ca000-738d2000 r--s 00045000 00:13 77         /vagrant/workspace/Prototipo/src/lib/junit-4.12.jar
738d2000-738d4000 r--s 00003000 00:13 76         /vagrant/workspace/Prototipo/src/lib/jsr305-3.0.1.jar
738d4000-738d6000 r--s 00006000 00:13 75         /vagrant/workspace/Prototipo/src/lib/jsr305-2.0.1.jar
738d6000-738d8000 r--s 00002000 00:13 74         /vagrant/workspace/Prototipo/src/lib/jsonld-java-sesame-0.5.0.jar
738d8000-738da000 r--s 0001b000 00:13 73         /vagrant/workspace/Prototipo/src/lib/jsonld-java-0.5.0.jar
738da000-738db000 r--s 00005000 00:13 72         /vagrant/workspace/Prototipo/src/lib/json-simple-1.1.1.jar
738db000-738ea000 r--s 00076000 00:13 71         /vagrant/workspace/Prototipo/src/lib/joda-time-1.6.2.jar
738ea000-738f3000 r--s 0007f000 00:13 70         /vagrant/workspace/Prototipo/src/lib/jep-2.4.2.jar
738f3000-738fd000 r--s 00060000 00:13 69         /vagrant/workspace/Prototipo/src/lib/jdk8-1.9.13.jar
738fd000-738ff000 r--s 00003000 00:13 68         /vagrant/workspace/Prototipo/src/lib/jcl-over-slf4j-1.7.7.jar
738ff000-7390d000 r--s 000c6000 00:13 67         /vagrant/workspace/Prototipo/src/lib/jbpm-flow-6.4.0.Final.jar
7390d000-7390e000 r--s 00000000 00:13 66         /vagrant/workspace/Prototipo/src/lib/javax.inject-1.jar
7390e000-73910000 r--s 00008000 00:13 65         /vagrant/workspace/Prototipo/src/lib/jama-1.0.3.jar
73910000-73922000 r--s 00105000 00:13 64         /vagrant/workspace/Prototipo/src/lib/jackson-databind-2.5.1.jar
73922000-73926000 r--s 00035000 00:13 63         /vagrant/workspace/Prototipo/src/lib/jackson-core-2.5.1.jar
73926000-73928000 r--s 00008000 00:13 62         /vagrant/workspace/Prototipo/src/lib/jackson-annotations-2.5.1.jar
73928000-7392f000 r--s 00049000 00:13 61         /vagrant/workspace/Prototipo/src/lib/httpcore-4.4.3.jar
7392f000-73935000 r--s 00032000 00:13 60         /vagrant/workspace/Prototipo/src/lib/httpcore-4.2.4.jar
73935000-73938000 r--s 00024000 00:13 59         /vagrant/workspace/Prototipo/src/lib/httpclient-cache-4.5.1.jar
73938000-7393b000 r--s 0001a000 00:13 58         /vagrant/workspace/Prototipo/src/lib/httpclient-cache-4.2.5.jar
7393b000-73948000 r--s 000a6000 00:13 57         /vagrant/workspace/Prototipo/src/lib/httpclient-4.5.1.jar
73948000-73951000 r--s 00061000 00:13 56         /vagrant/workspace/Prototipo/src/lib/httpclient-4.2.5.jar
73951000-73953000 r--s 00009000 00:13 55         /vagrant/workspace/Prototipo/src/lib/hamcrest-core-1.3.jar
73953000-73955000 r--s 00012000 00:13 54         /vagrant/workspace/Prototipo/src/lib/guice-multibindings-4.0.jar
73955000-73957000 r--s 00009000 00:13 53         /vagrant/workspace/Prototipo/src/lib/guice-assistedinject-4.0.jar
73957000-73965000 r--s 00096000 00:13 52         /vagrant/workspace/Prototipo/src/lib/guice-4.0.jar
73965000-73990000 r--s 001fc000 00:13 51         /vagrant/workspace/Prototipo/src/lib/guava-18.0.jar
73990000-73994000 r--s 00025000 00:13 50         /vagrant/workspace/Prototipo/src/lib/gson-1.4.jar
73994000-739a6000 r--s 00223000 00:13 49         /vagrant/workspace/Prototipo/src/lib/ecj-4.4.2.jar
739a6000-739a8000 r--s 0000d000 00:13 48         /vagrant/workspace/Prototipo/src/lib/drools-templates-6.4.0.Final.jar
739a8000-739aa000 r--s 0001e000 00:13 47         /vagrant/workspace/Prototipo/src/lib/drools-reteoo-6.4.0.Final.jar
739aa000-739ac000 r--s 00001000 00:13 46         /vagrant/workspace/Prototipo/src/lib/drools-osgi-integration-6.4.0.Final.jar
739ac000-739ae000 r--s 0000e000 00:13 45         /vagrant/workspace/Prototipo/src/lib/drools-decisiontables-6.4.0.Final.jar
739ae000-739e5000 r--s 0032f000 00:13 44         /vagrant/workspace/Prototipo/src/lib/drools-core-6.4.0.Final.jar
739e5000-739fc000 r--s 00185000 00:13 43         /vagrant/workspace/Prototipo/src/lib/drools-compiler-6.4.0.Final.jar
739fc000-739fe000 r--s 0000e000 00:13 42         /vagrant/workspace/Prototipo/src/lib/commons-logging-1.2.jar
739fe000-73a02000 r--s 0002a000 00:13 41         /vagrant/workspace/Prototipo/src/lib/commons-io-2.4.jar
73a02000-73a05000 r--s 00011000 00:13 40         /vagrant/workspace/Prototipo/src/lib/commons-discovery-0.4_1.jar
73a05000-73a0c000 r--s 0003a000 00:13 39         /vagrant/workspace/Prototipo/src/lib/commons-codec-1.9.jar
73a0c000-73a12000 r--s 00033000 00:13 38         /vagrant/workspace/Prototipo/src/lib/commons-codec-1.6.jar
73a12000-73a3e000 rw-p 00000000 00:00 0 
73a3e000-73b55000 r--s 01066000 00:13 37         /vagrant/workspace/Prototipo/src/lib/checker.jar
73b55000-73b5f000 r--s 00022000 00:13 36         /vagrant/workspace/Prototipo/src/lib/checker-qual-1.9.13.jar
73b5f000-73b8a000 r--s 00291000 00:13 35         /vagrant/workspace/Prototipo/src/lib/checker-1.9.13.jar
73b8a000-73b9e000 r--s 00179000 00:13 34         /vagrant/workspace/Prototipo/src/lib/axis-1.4_2.jar
73b9e000-73ba2000 r--s 0001e000 00:13 33         /vagrant/workspace/Prototipo/src/lib/aterm-java-1.6.jar
73ba2000-73ba4000 r--s 00000000 00:13 32         /vagrant/workspace/Prototipo/src/lib/aopalliance-1.0.jar
73ba4000-73ba7000 r--s 00026000 00:13 31         /vagrant/workspace/Prototipo/src/lib/antlr-runtime-3.5.jar
73ba7000-73bab000 r--s 00015000 00:13 30         /vagrant/workspace/Prototipo/src/lib/xz-1.5.jar
73bab000-73bb8000 r--s 00075000 00:13 29         /vagrant/workspace/Prototipo/src/lib/xstream-1.4.7.jar
73bb8000-73bf6000 r--s 0025d000 00:13 26         /vagrant/workspace/Prototipo/src/lib/xmlbeans-2.6.0.jar
73bf6000-73c1e000 r--s 00241000 00:13 25         /vagrant/workspace/Prototipo/src/lib/trove4j-3.0.3.jar
73c1e000-73c23000 r--s 00039000 00:13 24         /vagrant/workspace/Prototipo/src/lib/swrlapi-drools-engine-1.0.12.jar
73c23000-73c2f000 r--s 00114000 00:13 23         /vagrant/workspace/Prototipo/src/lib/swrlapi-1.0.12.jar
73c2f000-73c31000 r--s 00005000 00:13 22         /vagrant/workspace/Prototipo/src/lib/stax-api-1.0.1.jar
73c31000-73c39000 r--s 00034000 00:13 21         /vagrant/workspace/Prototipo/src/lib/spring-tx-3.2.12.RELEASE.jar
73c39000-73c3a000 r--s 00008000 00:13 20         /vagrant/workspace/Prototipo/src/lib/spring-osgi-io-1.2.1.jar
73c3a000-73c44000 r--s 0004f000 00:13 19         /vagrant/workspace/Prototipo/src/lib/spring-osgi-core-1.2.1.jar
73c44000-73c48000 r--s 0002c000 00:13 18         /vagrant/workspace/Prototipo/src/lib/spring-expression-3.2.12.RELEASE.jar
73c48000-73c5b000 r--s 000c6000 00:13 17         /vagrant/workspace/Prototipo/src/lib/spring-core-3.2.12.RELEASE.jar
73c5b000-73c70000 r--s 000bf000 00:13 16         /vagrant/workspace/Prototipo/src/lib/spring-context-3.2.12.RELEASE.jar
73c70000-73c71000 ---p 00000000 00:00 0 
73c71000-73cf0000 rw-p 00000000 00:00 0 
73cf0000-73cf3000 ---p 00000000 00:00 0 
73cf3000-73d40000 rw-p 00000000 00:00 0 
73d40000-73d43000 ---p 00000000 00:00 0 
73d43000-73dc0000 rw-p 00000000 00:00 0 
73dc0000-73dc3000 ---p 00000000 00:00 0 
73dc3000-73e10000 rw-p 00000000 00:00 0 
73e10000-73e13000 ---p 00000000 00:00 0 
73e13000-73e60000 rw-p 00000000 00:00 0 
73e60000-73e63000 ---p 00000000 00:00 0 
73e63000-73eb0000 rw-p 00000000 00:00 0 
73eb0000-73eb1000 ---p 00000000 00:00 0 
73eb1000-73f7f000 rw-p 00000000 00:00 0 
73f7f000-74158000 r--s 03d20000 08:02 97843      /opt/jdk1.8.0_66/jre/lib/rt.jar
74158000-745f9000 rw-p 00000000 00:00 0 
745f9000-745ff000 ---p 00000000 00:00 0 
745ff000-7466a000 rw-p 00000000 00:00 0 
7466a000-746a9000 ---p 00000000 00:00 0 
746a9000-74780000 rw-p 00000000 00:00 0 
74780000-747ff000 ---p 00000000 00:00 0 
747ff000-81d30000 rw-p 00000000 00:00 0 
81d30000-89d50000 ---p 00000000 00:00 0 
89d50000-a48f0000 rw-p 00000000 00:00 0 
b46f9000-b4803000 rw-p 00000000 00:00 0 
b4803000-b480a000 r--s 0004f000 00:13 86         /vagrant/workspace/Prototipo/src/lib/org.osgi.core-4.3.1.jar
b480a000-b480c000 r--s 00005000 00:13 28         /vagrant/workspace/Prototipo/src/lib/xpp3_min-1.1.4c.jar
b480c000-b4818000 r--s 0008a000 00:13 15         /vagrant/workspace/Prototipo/src/lib/spring-beans-3.2.12.RELEASE.jar
b4818000-b4820000 r--s 0004b000 00:13 14         /vagrant/workspace/Prototipo/src/lib/spring-aop-3.2.12.RELEASE.jar
b4820000-b4821000 r--s 00002000 00:13 13         /vagrant/workspace/Prototipo/src/lib/slf4j-simple-1.7.21.jar
b4821000-b4823000 r--s 00009000 00:13 12         /vagrant/workspace/Prototipo/src/lib/slf4j-api-1.7.21.jar
b4823000-b4825000 r--s 00012000 00:13 11         /vagrant/workspace/Prototipo/src/lib/sesame-util-2.7.16.jar
b4825000-b48fb000 rw-p 00000000 00:00 0 
b48fb000-b497b000 ---p 00000000 00:00 0 
b497b000-b4985000 rw-p 00000000 00:00 0 
b4985000-b49fb000 ---p 00000000 00:00 0 
b49fb000-b4c7b000 rwxp 00000000 00:00 0 
b4c7b000-b69fb000 ---p 00000000 00:00 0 
b69fb000-b6a14000 r-xp 00000000 08:02 97821      /opt/jdk1.8.0_66/jre/lib/i386/libzip.so
b6a14000-b6a15000 rw-p 00019000 08:02 97821      /opt/jdk1.8.0_66/jre/lib/i386/libzip.so
b6a15000-b6a1d000 rw-s 00000000 08:02 170362     /tmp/hsperfdata_root/3733
b6a1d000-b6a27000 r-xp 00000000 08:02 251499     /lib/i386-linux-gnu/libnss_files-2.13.so
b6a27000-b6a28000 r--p 00009000 08:02 251499     /lib/i386-linux-gnu/libnss_files-2.13.so
b6a28000-b6a29000 rw-p 0000a000 08:02 251499     /lib/i386-linux-gnu/libnss_files-2.13.so
b6a29000-b6a32000 r-xp 00000000 08:02 251511     /lib/i386-linux-gnu/libnss_nis-2.13.so
b6a32000-b6a33000 r--p 00008000 08:02 251511     /lib/i386-linux-gnu/libnss_nis-2.13.so
b6a33000-b6a34000 rw-p 00009000 08:02 251511     /lib/i386-linux-gnu/libnss_nis-2.13.so
b6a34000-b6a47000 r-xp 00000000 08:02 251509     /lib/i386-linux-gnu/libnsl-2.13.so
b6a47000-b6a48000 r--p 00012000 08:02 251509     /lib/i386-linux-gnu/libnsl-2.13.so
b6a48000-b6a49000 rw-p 00013000 08:02 251509     /lib/i386-linux-gnu/libnsl-2.13.so
b6a49000-b6a4b000 rw-p 00000000 00:00 0 
b6a4b000-b6a51000 r-xp 00000000 08:02 251501     /lib/i386-linux-gnu/libnss_compat-2.13.so
b6a51000-b6a52000 r--p 00005000 08:02 251501     /lib/i386-linux-gnu/libnss_compat-2.13.so
b6a52000-b6a53000 rw-p 00006000 08:02 251501     /lib/i386-linux-gnu/libnss_compat-2.13.so
b6a53000-b6a54000 r--s 00001000 00:13 27         /vagrant/workspace/Prototipo/src/lib/xmlpull-1.1.3.1.jar
b6a54000-b6a56000 r--s 00012000 00:13 10         /vagrant/workspace/Prototipo/src/lib/sesame-util-2.7.12.jar
b6a56000-b6a57000 r--s 00005000 00:13 9          /vagrant/workspace/Prototipo/src/lib/sesame-rio-turtle-2.7.16.jar
b6a57000-b6a7b000 r-xp 00000000 08:02 97816      /opt/jdk1.8.0_66/jre/lib/i386/libjava.so
b6a7b000-b6a7c000 rw-p 00023000 08:02 97816      /opt/jdk1.8.0_66/jre/lib/i386/libjava.so
b6a7c000-b6a87000 r-xp 00000000 08:02 97767      /opt/jdk1.8.0_66/jre/lib/i386/libverify.so
b6a87000-b6a88000 rw-p 0000b000 08:02 97767      /opt/jdk1.8.0_66/jre/lib/i386/libverify.so
b6a88000-b6a8f000 r-xp 00000000 08:02 251500     /lib/i386-linux-gnu/librt-2.13.so
b6a8f000-b6a90000 r--p 00006000 08:02 251500     /lib/i386-linux-gnu/librt-2.13.so
b6a90000-b6a91000 rw-p 00007000 08:02 251500     /lib/i386-linux-gnu/librt-2.13.so
b6a91000-b6a94000 ---p 00000000 00:00 0 
b6a94000-b6ae1000 rw-p 00000000 00:00 0 
b6ae1000-b6b05000 r-xp 00000000 08:02 251502     /lib/i386-linux-gnu/libm-2.13.so
b6b05000-b6b06000 r--p 00023000 08:02 251502     /lib/i386-linux-gnu/libm-2.13.so
b6b06000-b6b07000 rw-p 00024000 08:02 251502     /lib/i386-linux-gnu/libm-2.13.so
b6b07000-b7157000 r-xp 00000000 08:02 97790      /opt/jdk1.8.0_66/jre/lib/i386/client/libjvm.so
b7157000-b717d000 rw-p 00650000 08:02 97790      /opt/jdk1.8.0_66/jre/lib/i386/client/libjvm.so
b717d000-b75a0000 rw-p 00000000 00:00 0 
b75a0000-b76e7000 r-xp 00000000 08:02 251505     /lib/i386-linux-gnu/libc-2.13.so
b76e7000-b76e8000 ---p 00147000 08:02 251505     /lib/i386-linux-gnu/libc-2.13.so
b76e8000-b76ea000 r--p 00147000 08:02 251505     /lib/i386-linux-gnu/libc-2.13.so
b76ea000-b76eb000 rw-p 00149000 08:02 251505     /lib/i386-linux-gnu/libc-2.13.so
b76eb000-b76ee000 rw-p 00000000 00:00 0 
b76ee000-b76f0000 r-xp 00000000 08:02 251498     /lib/i386-linux-gnu/libdl-2.13.so
b76f0000-b76f1000 r--p 00001000 08:02 251498     /lib/i386-linux-gnu/libdl-2.13.so
b76f1000-b76f2000 rw-p 00002000 08:02 251498     /lib/i386-linux-gnu/libdl-2.13.so
b76f2000-b76f3000 rw-p 00000000 00:00 0 
b76f3000-b7707000 r-xp 00000000 08:02 90274      /opt/jdk1.8.0_66/lib/i386/jli/libjli.so
b7707000-b7708000 rw-p 00014000 08:02 90274      /opt/jdk1.8.0_66/lib/i386/jli/libjli.so
b7708000-b771d000 r-xp 00000000 08:02 251495     /lib/i386-linux-gnu/libpthread-2.13.so
b771d000-b771e000 r--p 00014000 08:02 251495     /lib/i386-linux-gnu/libpthread-2.13.so
b771e000-b771f000 rw-p 00015000 08:02 251495     /lib/i386-linux-gnu/libpthread-2.13.so
b771f000-b7721000 rw-p 00000000 00:00 0 
b7721000-b7723000 r--s 00004000 00:13 8          /vagrant/workspace/Prototipo/src/lib/sesame-rio-turtle-2.7.12.jar
b7723000-b7724000 rw-p 00000000 00:00 0 
b7724000-b7725000 ---p 00000000 00:00 0 
b7725000-b7727000 rw-p 00000000 00:00 0 
b7727000-b7728000 r-xp 00000000 00:00 0          [vdso]
b7728000-b7744000 r-xp 00000000 08:02 251508     /lib/i386-linux-gnu/ld-2.13.so
b7744000-b7745000 r--p 0001b000 08:02 251508     /lib/i386-linux-gnu/ld-2.13.so
b7745000-b7746000 rw-p 0001c000 08:02 251508     /lib/i386-linux-gnu/ld-2.13.so
bf9d7000-bf9d8000 rwxp 00000000 00:00 0 
bfa0a000-bfa2b000 rw-p 00000000 00:00 0          [stack]

VM Arguments:
jvm_args: -Xms128M -Xmx1024M 
java_command: colorblind.Teste Deuteranopia TechnicalImages all DeutTechnicalImagesRule
java_class_path (initial): .:lib/sesame-rio-turtle-2.7.12.jar:lib/sesame-rio-turtle-2.7.16.jar:lib/sesame-util-2.7.12.jar:lib/sesame-util-2.7.16.jar:lib/slf4j-api-1.7.21.jar:lib/slf4j-simple-1.7.21.jar:lib/spring-aop-3.2.12.RELEASE.jar:lib/spring-beans-3.2.12.RELEASE.jar:lib/spring-context-3.2.12.RELEASE.jar:lib/spring-core-3.2.12.RELEASE.jar:lib/spring-expression-3.2.12.RELEASE.jar:lib/spring-osgi-core-1.2.1.jar:lib/spring-osgi-io-1.2.1.jar:lib/spring-tx-3.2.12.RELEASE.jar:lib/stax-api-1.0.1.jar:lib/swrlapi-1.0.12.jar:lib/swrlapi-drools-engine-1.0.12.jar:lib/trove4j-3.0.3.jar:lib/xmlbeans-2.6.0.jar:lib/xmlpull-1.1.3.1.jar:lib/xpp3_min-1.1.4c.jar:lib/xstream-1.4.7.jar:lib/xz-1.5.jar:lib/antlr-runtime-3.5.jar:lib/aopalliance-1.0.jar:lib/aterm-java-1.6.jar:lib/axis-1.4_2.jar:lib/checker-1.9.13.jar:lib/checker-qual-1.9.13.jar:lib/checker.jar:lib/commons-codec-1.6.jar:lib/commons-codec-1.9.jar:lib/commons-discovery-0.4_1.jar:lib/commons-io-2.4.jar:lib/commons-logging-1.2.jar:lib/drools-compiler-6.4.0.Final.jar:lib/drools-core-6.4.0.Final.jar:lib/drools-decisiontables-6.4.0.Final.jar:lib/drools-osgi-integration-6.4.0.Final.jar:lib/drools-reteoo-6.4.0.Final.jar:lib/drools-templates-6.4.0.Final.jar:lib/ecj-4.4.2.jar:lib/gson-1.4.jar:lib/guava-18.0.jar:lib/guice-4.0.jar:lib/guice-assistedinject-4.0.jar:lib/guice-multibindings-4.0.jar:lib/hamcrest-core-1.3.jar:lib/httpclient-4.2.5.jar:lib/httpclient-4.5.1.jar:lib/httpclient-cache-4.2.5.jar:lib/httpclient-cache-4.5.1.jar:lib/httpcore-4.2.4.jar:lib/httpcore-4.4.3.jar:lib/jackson-annotations-2.5.1.jar:lib/jackson-core-2.5.1.jar:lib/jackson-databind-2.5.1.jar:lib/jama-1.0.3.jar:lib/javax.inject-1.jar:lib/jbpm-flow-6.4.0.Final.jar:lib/jcl-over-slf4j-1.7.7.jar:lib/jdk8-1.9.13.jar:lib/jep-2.4.2.jar:lib/joda-time-1.6.2.jar:lib/json-simple-1.1.1.jar:lib/jsonld-java-0.5.0.jar:lib/jsonld-java-sesame-0.5.0.jar:lib/jsr305-2.0.1.jar:lib/jsr305-3.0.1.jar:lib/junit-4.12.jar:lib/kie-api-6.4.0.Final.jar:lib/kie-internal-6.4.0.Final.jar:lib/
Launcher Type: SUN_STANDARD

Environment Variables:
PATH=/usr/local/sbin:/usr/local/bin:/usr/sbin:/usr/bin:/sbin:/bin
USERNAME=root
SHELL=/usr/bin/zsh

Signal Handlers:
SIGSEGV: [libjvm.so+0x5b7c70], sa_mask[0]=11111111011111111101111111111110, sa_flags=SA_RESTART|SA_SIGINFO
SIGBUS: [libjvm.so+0x5b7c70], sa_mask[0]=11111111011111111101111111111110, sa_flags=SA_RESTART|SA_SIGINFO
SIGFPE: [libjvm.so+0x498670], sa_mask[0]=11111111011111111101111111111110, sa_flags=SA_RESTART|SA_SIGINFO
SIGPIPE: [libjvm.so+0x498670], sa_mask[0]=11111111011111111101111111111110, sa_flags=SA_RESTART|SA_SIGINFO
SIGXFSZ: [libjvm.so+0x498670], sa_mask[0]=11111111011111111101111111111110, sa_flags=SA_RESTART|SA_SIGINFO
SIGILL: [libjvm.so+0x498670], sa_mask[0]=11111111011111111101111111111110, sa_flags=SA_RESTART|SA_SIGINFO
SIGUSR1: SIG_DFL, sa_mask[0]=00000000000000000000000000000000, sa_flags=none
SIGUSR2: [libjvm.so+0x499cf0], sa_mask[0]=00000000000000000000000000000000, sa_flags=SA_RESTART|SA_SIGINFO
SIGHUP: [libjvm.so+0x49b1a0], sa_mask[0]=11111111011111111101111111111110, sa_flags=SA_RESTART|SA_SIGINFO
SIGINT: [libjvm.so+0x49b1a0], sa_mask[0]=11111111011111111101111111111110, sa_flags=SA_RESTART|SA_SIGINFO
SIGTERM: [libjvm.so+0x49b1a0], sa_mask[0]=11111111011111111101111111111110, sa_flags=SA_RESTART|SA_SIGINFO
SIGQUIT: [libjvm.so+0x49b1a0], sa_mask[0]=11111111011111111101111111111110, sa_flags=SA_RESTART|SA_SIGINFO


---------------  S Y S T E M  ---------------

OS:PRETTY_NAME="Debian GNU/Linux 7 (wheezy)"
NAME="Debian GNU/Linux"
VERSION_ID="7"
VERSION="7 (wheezy)"
ID=debian
ANSI_COLOR="1;31"
HOME_URL="http://www.debian.org/"
SUPPORT_URL="http://www.debian.org/support/"
BUG_REPORT_URL="http://bugs.debian.org/"

uname:Linux 3.2.0-4-686-pae #1 SMP Debian 3.2.51-1 i686
libc:glibc 2.13 NPTL 2.13 
rlimit: STACK 8192k, CORE infinity, NPROC 7998, NOFILE 4096, AS infinity
load average:0.18 0.20 0.18

/proc/meminfo:
MemTotal:        1034176 kB
MemFree:          232344 kB
Buffers:            1512 kB
Cached:            54836 kB
SwapCached:            0 kB
Active:           743004 kB
Inactive:          36352 kB
Active(anon):     723044 kB
Inactive(anon):      216 kB
Active(file):      19960 kB
Inactive(file):    36136 kB
Unevictable:           0 kB
Mlocked:               0 kB
HighTotal:        137160 kB
HighFree:           1820 kB
LowTotal:         897016 kB
LowFree:          230524 kB
SwapTotal:             0 kB
SwapFree:              0 kB
Dirty:                96 kB
Writeback:             0 kB
AnonPages:        723084 kB
Mapped:            17216 kB
Shmem:               252 kB
Slab:               7392 kB
SReclaimable:       3108 kB
SUnreclaim:         4284 kB
KernelStack:         768 kB
PageTables:         2544 kB
NFS_Unstable:          0 kB
Bounce:                0 kB
WritebackTmp:          0 kB
CommitLimit:      517088 kB
Committed_AS:    1146716 kB
VmallocTotal:     122880 kB
VmallocUsed:       18620 kB
VmallocChunk:     103772 kB
HardwareCorrupted:     0 kB
AnonHugePages:         0 kB
HugePages_Total:       0
HugePages_Free:        0
HugePages_Rsvd:        0
HugePages_Surp:        0
Hugepagesize:       2048 kB
DirectMap4k:       12280 kB
DirectMap2M:      899072 kB


CPU:total 1 (1 cores per cpu, 1 threads per core) family 6 model 58 stepping 9, cmov, cx8, fxsr, mmx, sse, sse2, sse3, ssse3, sse4.1, sse4.2, popcnt, avx, clmul, tsc, tscinvbit, tscinv

/proc/cpuinfo:
processor	: 0
vendor_id	: GenuineIntel
cpu family	: 6
model		: 58
model name	: Intel(R) Core(TM) i5-3210M CPU @ 2.50GHz
stepping	: 9
microcode	: 0x19
cpu MHz		: 2494.339
cache size	: 3072 KB
fdiv_bug	: no
hlt_bug		: no
f00f_bug	: no
coma_bug	: no
fpu		: yes
fpu_exception	: yes
cpuid level	: 13
wp		: yes
flags		: fpu vme de pse tsc msr pae mce cx8 apic sep mtrr pge mca cmov pat pse36 clflush mmx fxsr sse sse2 nx rdtscp constant_tsc up xtopology nonstop_tsc pni pclmulqdq monitor ssse3 cx16 sse4_1 sse4_2 popcnt xsave avx rdrand lahf_lm
bogomips	: 4988.67
clflush size	: 64
cache_alignment	: 64
address sizes	: 36 bits physical, 48 bits virtual
power management:



Memory: 4k page, physical 1034176k(232344k free), swap 0k(0k free)

vm_info: Java HotSpot(TM) Client VM (25.66-b17) for linux-x86 JRE (1.8.0_66-b17), built on Oct  6 2015 18:10:30 by "java_re" with gcc 4.3.0 20080428 (Red Hat 4.3.0-8)

time: Sat Sep 24 16:59:33 2016
elapsed time: 13 seconds (0d 0h 0m 13s)

